====================================
REQUEST
Symbol: BTCUSDT
Side: BUY
Order Type: MARKET
Quantity: 0.001
Price: None
RESPONSE
{'orderId': 13688229202, 'symbol': 'BTCUSDT', 'status': 'NEW', 'clientOrderId': 'x-Cb7ytekJd03b9a87872f6fcece0aaa', 'price': '0.00', 'avgPrice': '0.00', 'origQty': '0.0010', 'executedQty': '0.0000', 'cumQty': '0.0000', 'cumQuote': '0.000000', 'timeInForce': 'GTC', 'type': 'MARKET', 'reduceOnly': False, 'closePosition': False, 'side': 'BUY', 'positionSide': 'BOTH', 'stopPrice': '0.00', 'workingType': 'CONTRACT_PRICE', 'priceProtect': False, 'origType': 'MARKET', 'priceMatch': 'NONE', 'selfTradePreventionMode': 'EXPIRE_MAKER', 'goodTillDate': 0, 'updateTime': 1780311137806}
ORDER SUCCESSFUL
====================================
====================================
REQUEST
Symbol: BTCUSDT
Side: BUY
Order Type: MARKET
Quantity: 0.001
Price: None
RESPONSE
{'orderId': 13688241561, 'symbol': 'BTCUSDT', 'status': 'NEW', 'clientOrderId': 'x-Cb7ytekJ4433408d1f00a334593dcc', 'price': '0.00', 'avgPrice': '0.00', 'origQty': '0.0010', 'executedQty': '0.0000', 'cumQty': '0.0000', 'cumQuote': '0.000000', 'timeInForce': 'GTC', 'type': 'MARKET', 'reduceOnly': False, 'closePosition': False, 'side': 'BUY', 'positionSide': 'BOTH', 'stopPrice': '0.00', 'workingType': 'CONTRACT_PRICE', 'priceProtect': False, 'origType': 'MARKET', 'priceMatch': 'NONE', 'selfTradePreventionMode': 'EXPIRE_MAKER', 'goodTillDate': 0, 'updateTime': 1780311150670}
ORDER SUCCESSFUL
====================================
====================================
REQUEST
Symbol: BTCUSDT
Side: SELL
Order Type: LIMIT
Quantity: 0.001
Price: 200000
RESPONSE
{'orderId': 13688521788, 'symbol': 'BTCUSDT', 'status': 'NEW', 'clientOrderId': 'x-Cb7ytekJc32316eb4b0cdea6ae5c42', 'price': '200000.00', 'avgPrice': '0.00', 'origQty': '0.0010', 'executedQty': '0.0000', 'cumQty': '0.0000', 'cumQuote': '0.000000', 'timeInForce': 'GTC', 'type': 'LIMIT', 'reduceOnly': False, 'closePosition': False, 'side': 'SELL', 'positionSide': 'BOTH', 'stopPrice': '0.00', 'workingType': 'CONTRACT_PRICE', 'priceProtect': False, 'origType': 'LIMIT', 'priceMatch': 'NONE', 'selfTradePreventionMode': 'EXPIRE_MAKER', 'goodTillDate': 0, 'updateTime': 1780311373453}
ORDER SUCCESSFUL
====================================
